<?xml version="1.0" encoding="utf-8"?><testsuites><testsuite name="pytest" errors="0" failures="0" skipped="2" tests="2" time="0.193" timestamp="2025-12-12T01:29:02.158137-07:00" hostname="LAPTOP-BVH01RTD"><testcase classname="tests.api.test_reqres_smoke" name="test_login_success" time="0.130"><skipped type="pytest.skip" message="https://reqres.in blocked/unstable (HTTP 403).">C:\dev\api-smoke-reqres\tests\api\test_reqres_smoke.py:106: https://reqres.in blocked/unstable (HTTP 403).</skipped></testcase><testcase classname="tests.api.test_reqres_smoke" name="test_login_missing_password" time="0.000"><skipped type="pytest.skip" message="https://reqres.in blocked/unstable (HTTP 403).">C:\dev\api-smoke-reqres\tests\api\test_reqres_smoke.py:114: https://reqres.in blocked/unstable (HTTP 403).</skipped></testcase></testsuite></testsuites>